<?xml version="1.0" encoding="UTF-8"?>
<testng-results ignored="0" total="1" passed="1" failed="0" skipped="0">
  <reporter-output>
  </reporter-output>
  <suite started-at="2025-05-13T20:06:11 IST" name="Suite" finished-at="2025-05-13T20:06:22 IST" duration-ms="10969">
    <groups>
    </groups>
    <test started-at="2025-05-13T20:06:11 IST" name="TestPetTest" finished-at="2025-05-13T20:06:22 IST" duration-ms="10969">
      <class name="Demo.tests.TestPetTest">
        <test-method is-config="true" signature="launchApplication()[pri:0, instance:Demo.tests.TestPetTest@68702e03]" started-at="2025-05-13T20:06:11 IST" name="launchApplication" finished-at="2025-05-13T20:06:17 IST" duration-ms="6067" status="PASS">
          <reporter-output>
          </reporter-output>
        </test-method> <!-- launchApplication -->
        <test-method signature="sampletestpet()[pri:0, instance:Demo.tests.TestPetTest@68702e03]" started-at="2025-05-13T20:06:17 IST" name="sampletestpet" finished-at="2025-05-13T20:06:20 IST" duration-ms="3765" status="PASS">
          <reporter-output>
          </reporter-output>
        </test-method> <!-- sampletestpet -->
        <test-method is-config="true" signature="teardown()[pri:0, instance:Demo.tests.TestPetTest@68702e03]" started-at="2025-05-13T20:06:20 IST" name="teardown" finished-at="2025-05-13T20:06:22 IST" duration-ms="1067" status="PASS">
          <reporter-output>
          </reporter-output>
        </test-method> <!-- teardown -->
      </class> <!-- Demo.tests.TestPetTest -->
    </test> <!-- TestPetTest -->
  </suite> <!-- Suite -->
</testng-results>
